This is pdfTeX, Version 3.141592653-2.6-1.40.25 (TeX Live 2023/nixos.org) (preloaded format=latex 1980.1.1)  30 MAR 2024 04:25
entering extended mode
 restricted \write18 enabled.
 %&-line parsing enabled.
**media/Tex/bcc5cc24280a6fbf.tex
(./media/Tex/bcc5cc24280a6fbf.tex
LaTeX2e <2023-11-01>
L3 programming layer <2024-01-04>

! LaTeX Error: File `standalone.cls' not found.

Type X to quit or <RETURN> to proceed,
or enter new name. (Default extension: cls)

Enter file name: 
! Emergency stop.
<read *> 
         
l.2 ^^M
        
Here is how much of TeX's memory you used:
 22 strings out of 475618
 557 string characters out of 5773389
 1924522 words of memory out of 5000000
 22221 multiletter control sequences out of 15000+600000
 558069 words of font info for 36 fonts, out of 8000000 for 9000
 319 hyphenation exceptions out of 8191
 19i,0n,29p,97b,17s stack positions out of 10000i,1000n,20000p,200000b,200000s

No pages of output.
